<testsuites name="pytest tests"><testsuite name="pytest" errors="0" failures="2" skipped="0" tests="357" time="5.836" timestamp="2026-08-12T12:25:06.459895+01:00" hostname="Shuhans-MacBook-Pro.local"><testcase classname="tests.arch.test_file_io_declares_encoding" name="test_no_text_file_io_without_an_explicit_encoding" time="0.325"><failure message="AssertionError: text-mode file IO must pass encoding=&quot;utf-8&quot; — the default is the platform locale codec, which breaks on non-ASCII outside Linux:&#10;    scripts/arch_failure_ledger.py:114  read_text()&#10;    scripts/arch_failure_ledger.py:105  read_text()&#10;    scripts/arch_failure_ledger.py:121  read_text()&#10;assert not ['scripts/arch_failure_ledger.py:114  read_text()', 'scripts/arch_failure_ledger.py:105  read_text()', 'scripts/arch_failure_ledger.py:121  read_text()']">def test_no_text_file_io_without_an_explicit_encoding() -&gt; None:
        offenders = [
            f"{path.relative_to(_</failure></testcase><testcase classname="tests.arch.test_no_fabricated_numbers" name="test_no_silent_numeric_get_fallback" time="0.110"><failure message="AssertionError: silent numeric .get() fallback - fail loud, return None, or justify with `# data-default-ok: &lt;reason&gt;`:&#10;    /Users/shuhan/carbonpaper-wt/arch-failure-ledger/scripts/arch_failure_ledger.py:173  f&quot;| `{name}` | {count} | {last_30.get(name, 0)} |&quot;&#10;assert not ['/Users/shuhan/carbonpaper-wt/arch-failure-ledger/scripts/arch_failure_ledger.py:173  f&quot;| `{name}` | {count} | {last_30.get(name, 0)} |&quot;']">def test_no_silent_numeric_get_fallback() -&gt; None:
        offenders = check_no_fabricated_numbers(scan_all_source())
&gt; </failure></testcase><testcase classname="tests.arch.test_no_html_in_python" name="test_no_html_tags_in_python_string_literals" time="0.093" /></testsuite></testsuites>